{"C:\\Users\\yenye\\Documents\\DVOPS_Projects\\project_devops\\public\\js\\applyjob.js": {"path":"C:\\Users\\yenye\\Documents\\DVOPS_Projects\\project_devops\\public\\js\\applyjob.js","statementMap":{"0":{"start":{"line":2,"column":4},"end":{"line":2,"column":38}},"1":{"start":{"line":3,"column":4},"end":{"line":3,"column":80}},"2":{"start":{"line":7,"column":18},"end":{"line":7,"column":86}},"3":{"start":{"line":8,"column":17},"end":{"line":8,"column":70}},"4":{"start":{"line":9,"column":16},"end":{"line":9,"column":61}},"5":{"start":{"line":10,"column":22},"end":{"line":10,"column":80}},"6":{"start":{"line":11,"column":18},"end":{"line":11,"column":72}},"7":{"start":{"line":12,"column":18},"end":{"line":12,"column":72}},"8":{"start":{"line":14,"column":4},"end":{"line":17,"column":5}},"9":{"start":{"line":15,"column":8},"end":{"line":15,"column":44}},"10":{"start":{"line":16,"column":8},"end":{"line":16,"column":15}},"11":{"start":{"line":19,"column":28},"end":{"line":19,"column":66}},"12":{"start":{"line":21,"column":4},"end":{"line":38,"column":5}},"13":{"start":{"line":22,"column":25},"end":{"line":26,"column":10}},"14":{"start":{"line":28,"column":23},"end":{"line":28,"column":44}},"15":{"start":{"line":29,"column":8},"end":{"line":34,"column":9}},"16":{"start":{"line":30,"column":12},"end":{"line":30,"column":57}},"17":{"start":{"line":31,"column":12},"end":{"line":31,"column":46}},"18":{"start":{"line":33,"column":12},"end":{"line":33,"column":69}},"19":{"start":{"line":36,"column":8},"end":{"line":36,"column":62}},"20":{"start":{"line":37,"column":8},"end":{"line":37,"column":69}},"21":{"start":{"line":40,"column":0},"end":{"line":40,"column":25}}},"fnMap":{"0":{"name":"applyJob","decl":{"start":{"line":1,"column":9},"end":{"line":1,"column":17}},"loc":{"start":{"line":1,"column":25},"end":{"line":4,"column":1}},"line":1},"1":{"name":"submitApplication","decl":{"start":{"line":6,"column":15},"end":{"line":6,"column":32}},"loc":{"start":{"line":6,"column":35},"end":{"line":39,"column":1}},"line":6}},"branchMap":{"0":{"loc":{"start":{"line":14,"column":4},"end":{"line":17,"column":5}},"type":"if","locations":[{"start":{"line":14,"column":4},"end":{"line":17,"column":5}},{"start":{},"end":{}}],"line":14},"1":{"loc":{"start":{"line":14,"column":8},"end":{"line":14,"column":55}},"type":"binary-expr","locations":[{"start":{"line":14,"column":8},"end":{"line":14,"column":13}},{"start":{"line":14,"column":17},"end":{"line":14,"column":21}},{"start":{"line":14,"column":25},"end":{"line":14,"column":35}},{"start":{"line":14,"column":39},"end":{"line":14,"column":45}},{"start":{"line":14,"column":49},"end":{"line":14,"column":55}}],"line":14},"2":{"loc":{"start":{"line":29,"column":8},"end":{"line":34,"column":9}},"type":"if","locations":[{"start":{"line":29,"column":8},"end":{"line":34,"column":9}},{"start":{"line":32,"column":15},"end":{"line":34,"column":9}}],"line":29}},"s":{"0":0,"1":0,"2":0,"3":0,"4":0,"5":0,"6":0,"7":0,"8":0,"9":0,"10":0,"11":0,"12":0,"13":0,"14":0,"15":0,"16":0,"17":0,"18":0,"19":0,"20":0,"21":12},"f":{"0":0,"1":0},"b":{"0":[0,0],"1":[0,0,0,0,0],"2":[0,0]},"_coverageSchema":"1a1c01bbd47fc00a2c39e90264f33305004495a9","hash":"26ab1c092d0e2922c6e76b008190bf31432514fa"}
,"C:\\Users\\yenye\\Documents\\DVOPS_Projects\\project_devops\\public\\js\\createJob.js": {"path":"C:\\Users\\yenye\\Documents\\DVOPS_Projects\\project_devops\\public\\js\\createJob.js","statementMap":{"0":{"start":{"line":2,"column":17},"end":{"line":2,"column":60}},"1":{"start":{"line":3,"column":21},"end":{"line":3,"column":65}},"2":{"start":{"line":4,"column":24},"end":{"line":4,"column":71}},"3":{"start":{"line":5,"column":19},"end":{"line":5,"column":61}},"4":{"start":{"line":6,"column":25},"end":{"line":6,"column":73}},"5":{"start":{"line":7,"column":24},"end":{"line":7,"column":71}},"6":{"start":{"line":9,"column":20},"end":{"line":9,"column":86}},"7":{"start":{"line":11,"column":4},"end":{"line":27,"column":5}},"8":{"start":{"line":12,"column":25},"end":{"line":16,"column":10}},"9":{"start":{"line":17,"column":23},"end":{"line":17,"column":44}},"10":{"start":{"line":18,"column":8},"end":{"line":24,"column":9}},"11":{"start":{"line":19,"column":12},"end":{"line":19,"column":45}},"12":{"start":{"line":20,"column":12},"end":{"line":20,"column":23}},"13":{"start":{"line":21,"column":12},"end":{"line":21,"column":33}},"14":{"start":{"line":23,"column":12},"end":{"line":23,"column":58}},"15":{"start":{"line":26,"column":8},"end":{"line":26,"column":57}},"16":{"start":{"line":31,"column":4},"end":{"line":31,"column":53}},"17":{"start":{"line":32,"column":4},"end":{"line":32,"column":54}},"18":{"start":{"line":33,"column":4},"end":{"line":33,"column":57}},"19":{"start":{"line":34,"column":4},"end":{"line":34,"column":52}},"20":{"start":{"line":35,"column":4},"end":{"line":35,"column":58}},"21":{"start":{"line":36,"column":4},"end":{"line":36,"column":57}},"22":{"start":{"line":37,"column":4},"end":{"line":37,"column":38}},"23":{"start":{"line":39,"column":0},"end":{"line":39,"column":25}}},"fnMap":{"0":{"name":"addJob","decl":{"start":{"line":1,"column":15},"end":{"line":1,"column":21}},"loc":{"start":{"line":1,"column":24},"end":{"line":28,"column":1}},"line":1},"1":{"name":"clearAndCloseModal","decl":{"start":{"line":30,"column":9},"end":{"line":30,"column":27}},"loc":{"start":{"line":30,"column":30},"end":{"line":38,"column":1}},"line":30}},"branchMap":{"0":{"loc":{"start":{"line":18,"column":8},"end":{"line":24,"column":9}},"type":"if","locations":[{"start":{"line":18,"column":8},"end":{"line":24,"column":9}},{"start":{"line":22,"column":15},"end":{"line":24,"column":9}}],"line":18}},"s":{"0":9,"1":9,"2":9,"3":9,"4":9,"5":9,"6":9,"7":9,"8":9,"9":8,"10":8,"11":3,"12":3,"13":3,"14":5,"15":0,"16":3,"17":3,"18":3,"19":3,"20":3,"21":3,"22":3,"23":12},"f":{"0":9,"1":3},"b":{"0":[3,5]},"_coverageSchema":"1a1c01bbd47fc00a2c39e90264f33305004495a9","hash":"6e5b1129734315392a81776dfa48388b14e1e245"}
,"C:\\Users\\yenye\\Documents\\DVOPS_Projects\\project_devops\\public\\js\\searchJob.js": {"path":"C:\\Users\\yenye\\Documents\\DVOPS_Projects\\project_devops\\public\\js\\searchJob.js","statementMap":{"0":{"start":{"line":2,"column":4},"end":{"line":8,"column":5}},"1":{"start":{"line":3,"column":25},"end":{"line":3,"column":50}},"2":{"start":{"line":4,"column":21},"end":{"line":4,"column":42}},"3":{"start":{"line":5,"column":8},"end":{"line":5,"column":26}},"4":{"start":{"line":7,"column":8},"end":{"line":7,"column":53}},"5":{"start":{"line":12,"column":20},"end":{"line":12,"column":60}},"6":{"start":{"line":13,"column":27},"end":{"line":13,"column":74}},"7":{"start":{"line":14,"column":18},"end":{"line":14,"column":77}},"8":{"start":{"line":16,"column":4},"end":{"line":26,"column":5}},"9":{"start":{"line":17,"column":25},"end":{"line":17,"column":80}},"10":{"start":{"line":18,"column":8},"end":{"line":23,"column":9}},"11":{"start":{"line":19,"column":25},"end":{"line":19,"column":46}},"12":{"start":{"line":20,"column":12},"end":{"line":20,"column":30}},"13":{"start":{"line":22,"column":12},"end":{"line":22,"column":42}},"14":{"start":{"line":25,"column":8},"end":{"line":25,"column":54}},"15":{"start":{"line":30,"column":24},"end":{"line":30,"column":63}},"16":{"start":{"line":31,"column":4},"end":{"line":31,"column":31}},"17":{"start":{"line":32,"column":4},"end":{"line":35,"column":5}},"18":{"start":{"line":33,"column":8},"end":{"line":33,"column":64}},"19":{"start":{"line":34,"column":8},"end":{"line":34,"column":15}},"20":{"start":{"line":37,"column":4},"end":{"line":55,"column":7}},"21":{"start":{"line":38,"column":24},"end":{"line":38,"column":53}},"22":{"start":{"line":39,"column":8},"end":{"line":39,"column":45}},"23":{"start":{"line":40,"column":8},"end":{"line":53,"column":10}},"24":{"start":{"line":54,"column":8},"end":{"line":54,"column":41}},"25":{"start":{"line":57,"column":0},"end":{"line":57,"column":25}}},"fnMap":{"0":{"name":"loadJobs","decl":{"start":{"line":1,"column":15},"end":{"line":1,"column":23}},"loc":{"start":{"line":1,"column":26},"end":{"line":9,"column":1}},"line":1},"1":{"name":"searchJobs","decl":{"start":{"line":11,"column":15},"end":{"line":11,"column":25}},"loc":{"start":{"line":11,"column":28},"end":{"line":27,"column":1}},"line":11},"2":{"name":"displayJobs","decl":{"start":{"line":29,"column":9},"end":{"line":29,"column":20}},"loc":{"start":{"line":29,"column":27},"end":{"line":56,"column":1}},"line":29},"3":{"name":"(anonymous_3)","decl":{"start":{"line":37,"column":17},"end":{"line":37,"column":18}},"loc":{"start":{"line":37,"column":24},"end":{"line":55,"column":5}},"line":37}},"branchMap":{"0":{"loc":{"start":{"line":18,"column":8},"end":{"line":23,"column":9}},"type":"if","locations":[{"start":{"line":18,"column":8},"end":{"line":23,"column":9}},{"start":{"line":21,"column":15},"end":{"line":23,"column":9}}],"line":18},"1":{"loc":{"start":{"line":32,"column":4},"end":{"line":35,"column":5}},"type":"if","locations":[{"start":{"line":32,"column":4},"end":{"line":35,"column":5}},{"start":{},"end":{}}],"line":32}},"s":{"0":15,"1":15,"2":15,"3":15,"4":0,"5":0,"6":0,"7":0,"8":0,"9":0,"10":0,"11":0,"12":0,"13":0,"14":0,"15":15,"16":15,"17":15,"18":2,"19":2,"20":13,"21":22,"22":22,"23":22,"24":22,"25":12},"f":{"0":15,"1":0,"2":15,"3":22},"b":{"0":[0,0],"1":[2,13]},"_coverageSchema":"1a1c01bbd47fc00a2c39e90264f33305004495a9","hash":"891d0c8ea36e95ab3dbc51a0c6614e719ca76653"}
,"C:\\Users\\yenye\\Documents\\DVOPS_Projects\\project_devops\\public\\js\\updateJob.js": {"path":"C:\\Users\\yenye\\Documents\\DVOPS_Projects\\project_devops\\public\\js\\updateJob.js","statementMap":{"0":{"start":{"line":2,"column":4},"end":{"line":16,"column":5}},"1":{"start":{"line":3,"column":25},"end":{"line":3,"column":58}},"2":{"start":{"line":4,"column":20},"end":{"line":4,"column":41}},"3":{"start":{"line":6,"column":8},"end":{"line":6,"column":57}},"4":{"start":{"line":7,"column":8},"end":{"line":7,"column":60}},"5":{"start":{"line":8,"column":8},"end":{"line":8,"column":65}},"6":{"start":{"line":9,"column":8},"end":{"line":9,"column":71}},"7":{"start":{"line":10,"column":8},"end":{"line":10,"column":61}},"8":{"start":{"line":11,"column":8},"end":{"line":11,"column":73}},"9":{"start":{"line":12,"column":8},"end":{"line":12,"column":71}},"10":{"start":{"line":13,"column":8},"end":{"line":13,"column":74}},"11":{"start":{"line":15,"column":8},"end":{"line":15,"column":52}},"12":{"start":{"line":20,"column":4},"end":{"line":20,"column":69}},"13":{"start":{"line":24,"column":18},"end":{"line":24,"column":56}},"14":{"start":{"line":25,"column":20},"end":{"line":25,"column":67}},"15":{"start":{"line":26,"column":21},"end":{"line":26,"column":69}},"16":{"start":{"line":27,"column":24},"end":{"line":27,"column":75}},"17":{"start":{"line":28,"column":19},"end":{"line":28,"column":58}},"18":{"start":{"line":29,"column":25},"end":{"line":29,"column":77}},"19":{"start":{"line":30,"column":24},"end":{"line":30,"column":75}},"20":{"start":{"line":32,"column":4},"end":{"line":35,"column":5}},"21":{"start":{"line":33,"column":8},"end":{"line":33,"column":51}},"22":{"start":{"line":34,"column":8},"end":{"line":34,"column":15}},"23":{"start":{"line":37,"column":4},"end":{"line":40,"column":5}},"24":{"start":{"line":38,"column":8},"end":{"line":38,"column":45}},"25":{"start":{"line":39,"column":8},"end":{"line":39,"column":15}},"26":{"start":{"line":42,"column":20},"end":{"line":42,"column":95}},"27":{"start":{"line":44,"column":4},"end":{"line":60,"column":5}},"28":{"start":{"line":45,"column":25},"end":{"line":49,"column":10}},"29":{"start":{"line":51,"column":8},"end":{"line":57,"column":9}},"30":{"start":{"line":52,"column":12},"end":{"line":52,"column":47}},"31":{"start":{"line":53,"column":12},"end":{"line":53,"column":25}},"32":{"start":{"line":54,"column":12},"end":{"line":54,"column":23}},"33":{"start":{"line":56,"column":12},"end":{"line":56,"column":40}},"34":{"start":{"line":59,"column":8},"end":{"line":59,"column":52}},"35":{"start":{"line":63,"column":0},"end":{"line":68,"column":1}},"36":{"start":{"line":64,"column":18},"end":{"line":64,"column":59}},"37":{"start":{"line":65,"column":4},"end":{"line":67,"column":5}},"38":{"start":{"line":66,"column":8},"end":{"line":66,"column":21}},"39":{"start":{"line":69,"column":0},"end":{"line":69,"column":25}}},"fnMap":{"0":{"name":"updateJob","decl":{"start":{"line":1,"column":15},"end":{"line":1,"column":24}},"loc":{"start":{"line":1,"column":32},"end":{"line":17,"column":1}},"line":1},"1":{"name":"closeModal","decl":{"start":{"line":19,"column":9},"end":{"line":19,"column":19}},"loc":{"start":{"line":19,"column":22},"end":{"line":21,"column":1}},"line":19},"2":{"name":"submitJobUpdate","decl":{"start":{"line":23,"column":15},"end":{"line":23,"column":30}},"loc":{"start":{"line":23,"column":33},"end":{"line":61,"column":1}},"line":23},"3":{"name":"(anonymous_3)","decl":{"start":{"line":63,"column":17},"end":{"line":63,"column":18}},"loc":{"start":{"line":63,"column":34},"end":{"line":68,"column":1}},"line":63}},"branchMap":{"0":{"loc":{"start":{"line":32,"column":4},"end":{"line":35,"column":5}},"type":"if","locations":[{"start":{"line":32,"column":4},"end":{"line":35,"column":5}},{"start":{},"end":{}}],"line":32},"1":{"loc":{"start":{"line":32,"column":8},"end":{"line":32,"column":89}},"type":"binary-expr","locations":[{"start":{"line":32,"column":8},"end":{"line":32,"column":16}},{"start":{"line":32,"column":20},"end":{"line":32,"column":29}},{"start":{"line":32,"column":33},"end":{"line":32,"column":45}},{"start":{"line":32,"column":49},"end":{"line":32,"column":56}},{"start":{"line":32,"column":60},"end":{"line":32,"column":73}},{"start":{"line":32,"column":77},"end":{"line":32,"column":89}}],"line":32},"2":{"loc":{"start":{"line":37,"column":4},"end":{"line":40,"column":5}},"type":"if","locations":[{"start":{"line":37,"column":4},"end":{"line":40,"column":5}},{"start":{},"end":{}}],"line":37},"3":{"loc":{"start":{"line":37,"column":8},"end":{"line":37,"column":66}},"type":"binary-expr","locations":[{"start":{"line":37,"column":8},"end":{"line":37,"column":35}},{"start":{"line":37,"column":39},"end":{"line":37,"column":66}}],"line":37},"4":{"loc":{"start":{"line":51,"column":8},"end":{"line":57,"column":9}},"type":"if","locations":[{"start":{"line":51,"column":8},"end":{"line":57,"column":9}},{"start":{"line":55,"column":15},"end":{"line":57,"column":9}}],"line":51},"5":{"loc":{"start":{"line":65,"column":4},"end":{"line":67,"column":5}},"type":"if","locations":[{"start":{"line":65,"column":4},"end":{"line":67,"column":5}},{"start":{},"end":{}}],"line":65}},"s":{"0":0,"1":0,"2":0,"3":0,"4":0,"5":0,"6":0,"7":0,"8":0,"9":0,"10":0,"11":0,"12":0,"13":0,"14":0,"15":0,"16":0,"17":0,"18":0,"19":0,"20":0,"21":0,"22":0,"23":0,"24":0,"25":0,"26":0,"27":0,"28":0,"29":0,"30":0,"31":0,"32":0,"33":0,"34":0,"35":12,"36":68,"37":68,"38":0,"39":12},"f":{"0":0,"1":0,"2":0,"3":68},"b":{"0":[0,0],"1":[0,0,0,0,0,0],"2":[0,0],"3":[0,0],"4":[0,0],"5":[0,68]},"_coverageSchema":"1a1c01bbd47fc00a2c39e90264f33305004495a9","hash":"3460941d82b1e003f1d59751fe776da307e4be77"}
}
