{"total": {"lines":{"total":112,"covered":43,"skipped":0,"pct":38.39},"statements":{"total":112,"covered":43,"skipped":0,"pct":38.39},"functions":{"total":12,"covered":6,"skipped":0,"pct":50},"branches":{"total":31,"covered":5,"skipped":0,"pct":16.12},"branchesTrue":{"total":0,"covered":0,"skipped":0,"pct":"Unknown"}}
,"C:\\Users\\yenye\\Documents\\DVOPS_Projects\\project_devops\\public\\js\\applyjob.js": {"lines":{"total":22,"covered":1,"skipped":0,"pct":4.54},"functions":{"total":2,"covered":0,"skipped":0,"pct":0},"statements":{"total":22,"covered":1,"skipped":0,"pct":4.54},"branches":{"total":9,"covered":0,"skipped":0,"pct":0}}
,"C:\\Users\\yenye\\Documents\\DVOPS_Projects\\project_devops\\public\\js\\createJob.js": {"lines":{"total":24,"covered":23,"skipped":0,"pct":95.83},"functions":{"total":2,"covered":2,"skipped":0,"pct":100},"statements":{"total":24,"covered":23,"skipped":0,"pct":95.83},"branches":{"total":2,"covered":2,"skipped":0,"pct":100}}
,"C:\\Users\\yenye\\Documents\\DVOPS_Projects\\project_devops\\public\\js\\searchJob.js": {"lines":{"total":26,"covered":15,"skipped":0,"pct":57.69},"functions":{"total":4,"covered":3,"skipped":0,"pct":75},"statements":{"total":26,"covered":15,"skipped":0,"pct":57.69},"branches":{"total":4,"covered":2,"skipped":0,"pct":50}}
,"C:\\Users\\yenye\\Documents\\DVOPS_Projects\\project_devops\\public\\js\\updateJob.js": {"lines":{"total":40,"covered":4,"skipped":0,"pct":10},"functions":{"total":4,"covered":1,"skipped":0,"pct":25},"statements":{"total":40,"covered":4,"skipped":0,"pct":10},"branches":{"total":16,"covered":1,"skipped":0,"pct":6.25}}
}
