TN:
SF:public\js\applyjob.js
FN:1,applyJob
FN:6,submitApplication
FNF:2
FNH:0
FNDA:0,applyJob
FNDA:0,submitApplication
DA:2,0
DA:3,0
DA:7,0
DA:8,0
DA:9,0
DA:10,0
DA:11,0
DA:12,0
DA:14,0
DA:15,0
DA:16,0
DA:19,0
DA:21,0
DA:22,0
DA:28,0
DA:29,0
DA:30,0
DA:31,0
DA:33,0
DA:36,0
DA:37,0
DA:40,12
LF:22
LH:1
BRDA:14,0,0,0
BRDA:14,0,1,0
BRDA:14,1,0,0
BRDA:14,1,1,0
BRDA:14,1,2,0
BRDA:14,1,3,0
BRDA:14,1,4,0
BRDA:29,2,0,0
BRDA:29,2,1,0
BRF:9
BRH:0
end_of_record
TN:
SF:public\js\createJob.js
FN:1,addJob
FN:30,clearAndCloseModal
FNF:2
FNH:2
FNDA:9,addJob
FNDA:2,clearAndCloseModal
DA:2,9
DA:3,9
DA:4,9
DA:5,9
DA:6,9
DA:7,9
DA:9,9
DA:11,9
DA:12,9
DA:17,8
DA:18,8
DA:19,2
DA:20,2
DA:21,2
DA:23,6
DA:26,0
DA:31,2
DA:32,2
DA:33,2
DA:34,2
DA:35,2
DA:36,2
DA:37,2
DA:39,12
LF:24
LH:23
BRDA:18,0,0,2
BRDA:18,0,1,6
BRF:2
BRH:2
end_of_record
TN:
SF:public\js\searchJob.js
FN:1,loadJobs
FN:11,searchJobs
FN:29,displayJobs
FN:37,(anonymous_3)
FNF:4
FNH:3
FNDA:14,loadJobs
FNDA:0,searchJobs
FNDA:14,displayJobs
FNDA:604,(anonymous_3)
DA:2,14
DA:3,14
DA:4,14
DA:5,14
DA:7,0
DA:12,0
DA:13,0
DA:14,0
DA:16,0
DA:17,0
DA:18,0
DA:19,0
DA:20,0
DA:22,0
DA:25,0
DA:30,14
DA:31,14
DA:32,14
DA:33,0
DA:34,0
DA:37,14
DA:38,604
DA:39,604
DA:40,604
DA:54,604
DA:57,12
LF:26
LH:13
BRDA:18,0,0,0
BRDA:18,0,1,0
BRDA:32,1,0,0
BRDA:32,1,1,14
BRF:4
BRH:1
end_of_record
TN:
SF:public\js\updateJob.js
FN:1,updateJob
FN:19,closeModal
FN:23,submitJobUpdate
FN:63,(anonymous_3)
FNF:4
FNH:1
FNDA:0,updateJob
FNDA:0,closeModal
FNDA:0,submitJobUpdate
FNDA:68,(anonymous_3)
DA:2,0
DA:3,0
DA:4,0
DA:6,0
DA:7,0
DA:8,0
DA:9,0
DA:10,0
DA:11,0
DA:12,0
DA:13,0
DA:15,0
DA:20,0
DA:24,0
DA:25,0
DA:26,0
DA:27,0
DA:28,0
DA:29,0
DA:30,0
DA:32,0
DA:33,0
DA:34,0
DA:37,0
DA:38,0
DA:39,0
DA:42,0
DA:44,0
DA:45,0
DA:51,0
DA:52,0
DA:53,0
DA:54,0
DA:56,0
DA:59,0
DA:63,12
DA:64,68
DA:65,68
DA:66,0
DA:69,12
LF:40
LH:4
BRDA:32,0,0,0
BRDA:32,0,1,0
BRDA:32,1,0,0
BRDA:32,1,1,0
BRDA:32,1,2,0
BRDA:32,1,3,0
BRDA:32,1,4,0
BRDA:32,1,5,0
BRDA:37,2,0,0
BRDA:37,2,1,0
BRDA:37,3,0,0
BRDA:37,3,1,0
BRDA:51,4,0,0
BRDA:51,4,1,0
BRDA:65,5,0,0
BRDA:65,5,1,68
BRF:16
BRH:1
end_of_record
